Analysis & Synthesis report for Pong
Mon May 06 16:16:35 2019
Quartus Prime Version 17.1.0 Build 590 10/25/2017 SJ Lite Edition


---------------------
; Table of Contents ;
---------------------
  1. Legal Notice
  2. Analysis & Synthesis Summary
  3. Analysis & Synthesis Settings
  4. Parallel Compilation
  5. Analysis & Synthesis Source Files Read
  6. Analysis & Synthesis Resource Usage Summary
  7. Analysis & Synthesis Resource Utilization by Entity
  8. State Machine - |Pong|BinaryToBCD:converter2|state
  9. State Machine - |Pong|BinaryToBCD:converter1|state
 10. State Machine - |Pong|LT24Display:Display|stateMachine
 11. Registers Removed During Synthesis
 12. General Register Statistics
 13. Inverted Register Statistics
 14. Multiplexer Restructuring Statistics (Restructuring Performed)
 15. Source assignments for LT24Display:Display
 16. Parameter Settings for User Entity Instance: Top-level Entity: |Pong
 17. Parameter Settings for User Entity Instance: LT24Display:Display
 18. Parameter Settings for User Entity Instance: LT24Display:Display|LT24InitialData:initDataRom
 19. Parameter Settings for User Entity Instance: LT24Display:Display|LT24DisplayInterface:LT24Interface
 20. Parameter Settings for User Entity Instance: Xaddr:GameXaddr
 21. Parameter Settings for User Entity Instance: Yaddr:GameYaddr
 22. Parameter Settings for User Entity Instance: ClockDivider:GameClock
 23. Parameter Settings for User Entity Instance: Ball:GameBall
 24. Parameter Settings for User Entity Instance: Paddle:Paddle1
 25. Parameter Settings for User Entity Instance: Paddle:Paddle2
 26. Parameter Settings for User Entity Instance: Graphics:GameGraphics
 27. Parameter Settings for User Entity Instance: BinaryToBCD:converter1
 28. Parameter Settings for User Entity Instance: BinaryToBCD:converter2
 29. Port Connectivity Checks: "LT24Display:Display"
 30. Post-Synthesis Netlist Statistics for Top Partition
 31. Elapsed Time Per Partition
 32. Analysis & Synthesis Messages
 33. Analysis & Synthesis Suppressed Messages



----------------
; Legal Notice ;
----------------
Copyright (C) 2017  Intel Corporation. All rights reserved.
Your use of Intel Corporation's design tools, logic functions 
and other software and tools, and its AMPP partner logic 
functions, and any output files from any of the foregoing 
(including device programming or simulation files), and any 
associated documentation or information are expressly subject 
to the terms and conditions of the Intel Program License 
Subscription Agreement, the Intel Quartus Prime License Agreement,
the Intel FPGA IP License Agreement, or other applicable license
agreement, including, without limitation, that your use is for
the sole purpose of programming logic devices manufactured by
Intel and sold by Intel or its authorized distributors.  Please
refer to the applicable agreement for further details.



+-------------------------------------------------------------------------------+
; Analysis & Synthesis Summary                                                  ;
+---------------------------------+---------------------------------------------+
; Analysis & Synthesis Status     ; Successful - Mon May 06 16:16:35 2019       ;
; Quartus Prime Version           ; 17.1.0 Build 590 10/25/2017 SJ Lite Edition ;
; Revision Name                   ; Pong                                        ;
; Top-level Entity Name           ; Pong                                        ;
; Family                          ; Cyclone V                                   ;
; Logic utilization (in ALMs)     ; N/A                                         ;
; Total registers                 ; 325                                         ;
; Total pins                      ; 67                                          ;
; Total virtual pins              ; 0                                           ;
; Total block memory bits         ; 0                                           ;
; Total DSP Blocks                ; 0                                           ;
; Total HSSI RX PCSs              ; 0                                           ;
; Total HSSI PMA RX Deserializers ; 0                                           ;
; Total HSSI TX PCSs              ; 0                                           ;
; Total HSSI PMA TX Serializers   ; 0                                           ;
; Total PLLs                      ; 0                                           ;
; Total DLLs                      ; 0                                           ;
+---------------------------------+---------------------------------------------+


+---------------------------------------------------------------------------------------------------------------------------+
; Analysis & Synthesis Settings                                                                                             ;
+---------------------------------------------------------------------------------+--------------------+--------------------+
; Option                                                                          ; Setting            ; Default Value      ;
+---------------------------------------------------------------------------------+--------------------+--------------------+
; Device                                                                          ; 5CSEMA5F31C6       ;                    ;
; Top-level entity name                                                           ; Pong               ; Pong               ;
; Family name                                                                     ; Cyclone V          ; Cyclone V          ;
; Use smart compilation                                                           ; Off                ; Off                ;
; Enable parallel Assembler and TimeQuest Timing Analyzer during compilation      ; On                 ; On                 ;
; Enable compact report table                                                     ; Off                ; Off                ;
; Restructure Multiplexers                                                        ; Auto               ; Auto               ;
; MLAB Add Timing Constraints For Mixed-Port Feed-Through Mode Setting Don't Care ; Off                ; Off                ;
; Create Debugging Nodes for IP Cores                                             ; Off                ; Off                ;
; Preserve fewer node names                                                       ; On                 ; On                 ;
; Intel FPGA IP Evaluation Mode                                                   ; Enable             ; Enable             ;
; Verilog Version                                                                 ; Verilog_2001       ; Verilog_2001       ;
; VHDL Version                                                                    ; VHDL_1993          ; VHDL_1993          ;
; State Machine Processing                                                        ; Auto               ; Auto               ;
; Safe State Machine                                                              ; Off                ; Off                ;
; Extract Verilog State Machines                                                  ; On                 ; On                 ;
; Extract VHDL State Machines                                                     ; On                 ; On                 ;
; Ignore Verilog initial constructs                                               ; Off                ; Off                ;
; Iteration limit for constant Verilog loops                                      ; 5000               ; 5000               ;
; Iteration limit for non-constant Verilog loops                                  ; 250                ; 250                ;
; Add Pass-Through Logic to Inferred RAMs                                         ; On                 ; On                 ;
; Infer RAMs from Raw Logic                                                       ; On                 ; On                 ;
; Parallel Synthesis                                                              ; On                 ; On                 ;
; DSP Block Balancing                                                             ; Auto               ; Auto               ;
; NOT Gate Push-Back                                                              ; On                 ; On                 ;
; Power-Up Don't Care                                                             ; On                 ; On                 ;
; Remove Redundant Logic Cells                                                    ; Off                ; Off                ;
; Remove Duplicate Registers                                                      ; On                 ; On                 ;
; Ignore CARRY Buffers                                                            ; Off                ; Off                ;
; Ignore CASCADE Buffers                                                          ; Off                ; Off                ;
; Ignore GLOBAL Buffers                                                           ; Off                ; Off                ;
; Ignore ROW GLOBAL Buffers                                                       ; Off                ; Off                ;
; Ignore LCELL Buffers                                                            ; Off                ; Off                ;
; Ignore SOFT Buffers                                                             ; On                 ; On                 ;
; Limit AHDL Integers to 32 Bits                                                  ; Off                ; Off                ;
; Optimization Technique                                                          ; Balanced           ; Balanced           ;
; Carry Chain Length                                                              ; 70                 ; 70                 ;
; Auto Carry Chains                                                               ; On                 ; On                 ;
; Auto Open-Drain Pins                                                            ; On                 ; On                 ;
; Perform WYSIWYG Primitive Resynthesis                                           ; Off                ; Off                ;
; Auto ROM Replacement                                                            ; On                 ; On                 ;
; Auto RAM Replacement                                                            ; On                 ; On                 ;
; Auto DSP Block Replacement                                                      ; On                 ; On                 ;
; Auto Shift Register Replacement                                                 ; Auto               ; Auto               ;
; Allow Shift Register Merging across Hierarchies                                 ; Auto               ; Auto               ;
; Auto Clock Enable Replacement                                                   ; On                 ; On                 ;
; Strict RAM Replacement                                                          ; Off                ; Off                ;
; Allow Synchronous Control Signals                                               ; On                 ; On                 ;
; Force Use of Synchronous Clear Signals                                          ; Off                ; Off                ;
; Auto Resource Sharing                                                           ; Off                ; Off                ;
; Allow Any RAM Size For Recognition                                              ; Off                ; Off                ;
; Allow Any ROM Size For Recognition                                              ; Off                ; Off                ;
; Allow Any Shift Register Size For Recognition                                   ; Off                ; Off                ;
; Use LogicLock Constraints during Resource Balancing                             ; On                 ; On                 ;
; Ignore translate_off and synthesis_off directives                               ; Off                ; Off                ;
; Timing-Driven Synthesis                                                         ; On                 ; On                 ;
; Report Parameter Settings                                                       ; On                 ; On                 ;
; Report Source Assignments                                                       ; On                 ; On                 ;
; Report Connectivity Checks                                                      ; On                 ; On                 ;
; Ignore Maximum Fan-Out Assignments                                              ; Off                ; Off                ;
; Synchronization Register Chain Length                                           ; 3                  ; 3                  ;
; Power Optimization During Synthesis                                             ; Normal compilation ; Normal compilation ;
; HDL message level                                                               ; Level2             ; Level2             ;
; Suppress Register Optimization Related Messages                                 ; Off                ; Off                ;
; Number of Removed Registers Reported in Synthesis Report                        ; 5000               ; 5000               ;
; Number of Swept Nodes Reported in Synthesis Report                              ; 5000               ; 5000               ;
; Number of Inverted Registers Reported in Synthesis Report                       ; 100                ; 100                ;
; Clock MUX Protection                                                            ; On                 ; On                 ;
; Auto Gated Clock Conversion                                                     ; Off                ; Off                ;
; Block Design Naming                                                             ; Auto               ; Auto               ;
; SDC constraint protection                                                       ; Off                ; Off                ;
; Synthesis Effort                                                                ; Auto               ; Auto               ;
; Shift Register Replacement - Allow Asynchronous Clear Signal                    ; On                 ; On                 ;
; Pre-Mapping Resynthesis Optimization                                            ; Off                ; Off                ;
; Analysis & Synthesis Message Level                                              ; Medium             ; Medium             ;
; Disable Register Merging Across Hierarchies                                     ; Auto               ; Auto               ;
; Resource Aware Inference For Block RAM                                          ; On                 ; On                 ;
; Automatic Parallel Synthesis                                                    ; On                 ; On                 ;
; Partial Reconfiguration Bitstream ID                                            ; Off                ; Off                ;
+---------------------------------------------------------------------------------+--------------------+--------------------+


+------------------------------------------+
; Parallel Compilation                     ;
+----------------------------+-------------+
; Processors                 ; Number      ;
+----------------------------+-------------+
; Number detected on machine ; 8           ;
; Maximum allowed            ; 4           ;
;                            ;             ;
; Average used               ; 1.00        ;
; Maximum used               ; 4           ;
;                            ;             ;
; Usage by Processor         ; % Time Used ;
;     Processor 1            ; 100.0%      ;
;     Processor 2            ;   0.0%      ;
;     Processor 3            ;   0.0%      ;
;     Processor 4            ;   0.0%      ;
+----------------------------+-------------+


+-----------------------------------------------------------------------------------------------------------------------------------------------+
; Analysis & Synthesis Source Files Read                                                                                                        ;
+----------------------------------+-----------------+------------------------+-------------------------------------------------------+---------+
; File Name with User-Entered Path ; Used in Netlist ; File Type              ; File Name with Absolute Path                          ; Library ;
+----------------------------------+-----------------+------------------------+-------------------------------------------------------+---------+
; win.v                            ; yes             ; User Verilog HDL File  ; C:/Users/Lupo/Documents/GitHub/Pong/win.v             ;         ;
; led.v                            ; yes             ; User Verilog HDL File  ; C:/Users/Lupo/Documents/GitHub/Pong/led.v             ;         ;
; Paddle.v                         ; yes             ; User Verilog HDL File  ; C:/Users/Lupo/Documents/GitHub/Pong/Paddle.v          ;         ;
; LT24Display.v                    ; yes             ; User Verilog HDL File  ; C:/Users/Lupo/Documents/GitHub/Pong/LT24Display.v     ;         ;
; Display7Segment.v                ; yes             ; User Verilog HDL File  ; C:/Users/Lupo/Documents/GitHub/Pong/Display7Segment.v ;         ;
; Ball.v                           ; yes             ; User Verilog HDL File  ; C:/Users/Lupo/Documents/GitHub/Pong/Ball.v            ;         ;
; ClockDivider.v                   ; yes             ; User Verilog HDL File  ; C:/Users/Lupo/Documents/GitHub/Pong/ClockDivider.v    ;         ;
; Pong.v                           ; yes             ; User Verilog HDL File  ; C:/Users/Lupo/Documents/GitHub/Pong/Pong.v            ;         ;
; BinaryToBCD.v                    ; yes             ; User Verilog HDL File  ; C:/Users/Lupo/Documents/GitHub/Pong/BinaryToBCD.v     ;         ;
; Yaddr.v                          ; yes             ; User Verilog HDL File  ; C:/Users/Lupo/Documents/GitHub/Pong/Yaddr.v           ;         ;
; Xaddr.v                          ; yes             ; User Verilog HDL File  ; C:/Users/Lupo/Documents/GitHub/Pong/Xaddr.v           ;         ;
; Graphics.v                       ; yes             ; User Verilog HDL File  ; C:/Users/Lupo/Documents/GitHub/Pong/Graphics.v        ;         ;
+----------------------------------+-----------------+------------------------+-------------------------------------------------------+---------+


+-----------------------------------------------------------+
; Analysis & Synthesis Resource Usage Summary               ;
+---------------------------------------------+-------------+
; Resource                                    ; Usage       ;
+---------------------------------------------+-------------+
; Estimate of Logic utilization (ALMs needed) ; 374         ;
;                                             ;             ;
; Combinational ALUT usage for logic          ; 597         ;
;     -- 7 input functions                    ; 0           ;
;     -- 6 input functions                    ; 137         ;
;     -- 5 input functions                    ; 69          ;
;     -- 4 input functions                    ; 84          ;
;     -- <=3 input functions                  ; 307         ;
;                                             ;             ;
; Dedicated logic registers                   ; 325         ;
;                                             ;             ;
; I/O pins                                    ; 67          ;
;                                             ;             ;
; Total DSP Blocks                            ; 0           ;
;                                             ;             ;
; Maximum fan-out node                        ; clock~input ;
; Maximum fan-out                             ; 249         ;
; Total fan-out                               ; 3462        ;
; Average fan-out                             ; 3.28        ;
+---------------------------------------------+-------------+


+----------------------------------------------------------------------------------------------------------------------------------------------------------------------------------------------------------------------------------------------------------+
; Analysis & Synthesis Resource Utilization by Entity                                                                                                                                                                                                      ;
+--------------------------------------------+---------------------+---------------------------+-------------------+------------+------+--------------+--------------------------------------------------------------+----------------------+--------------+
; Compilation Hierarchy Node                 ; Combinational ALUTs ; Dedicated Logic Registers ; Block Memory Bits ; DSP Blocks ; Pins ; Virtual Pins ; Full Hierarchy Name                                          ; Entity Name          ; Library Name ;
+--------------------------------------------+---------------------+---------------------------+-------------------+------------+------+--------------+--------------------------------------------------------------+----------------------+--------------+
; |Pong                                      ; 597 (48)            ; 325 (37)                  ; 0                 ; 0          ; 67   ; 0            ; |Pong                                                        ; Pong                 ; work         ;
;    |Ball:GameBall|                         ; 100 (100)           ; 21 (21)                   ; 0                 ; 0          ; 0    ; 0            ; |Pong|Ball:GameBall                                          ; Ball                 ; work         ;
;    |BinaryToBCD:converter1|                ; 46 (46)             ; 31 (31)                   ; 0                 ; 0          ; 0    ; 0            ; |Pong|BinaryToBCD:converter1                                 ; BinaryToBCD          ; work         ;
;    |BinaryToBCD:converter2|                ; 22 (22)             ; 13 (13)                   ; 0                 ; 0          ; 0    ; 0            ; |Pong|BinaryToBCD:converter2                                 ; BinaryToBCD          ; work         ;
;    |ClockDivider:GameClock|                ; 30 (30)             ; 25 (25)                   ; 0                 ; 0          ; 0    ; 0            ; |Pong|ClockDivider:GameClock                                 ; ClockDivider         ; work         ;
;    |Display7Segment:score1digit1|          ; 7 (7)               ; 7 (7)                     ; 0                 ; 0          ; 0    ; 0            ; |Pong|Display7Segment:score1digit1                           ; Display7Segment      ; work         ;
;    |Display7Segment:score1digit2|          ; 7 (7)               ; 7 (7)                     ; 0                 ; 0          ; 0    ; 0            ; |Pong|Display7Segment:score1digit2                           ; Display7Segment      ; work         ;
;    |Display7Segment:score2digit1|          ; 7 (7)               ; 7 (7)                     ; 0                 ; 0          ; 0    ; 0            ; |Pong|Display7Segment:score2digit1                           ; Display7Segment      ; work         ;
;    |Display7Segment:score2digit2|          ; 7 (7)               ; 7 (7)                     ; 0                 ; 0          ; 0    ; 0            ; |Pong|Display7Segment:score2digit2                           ; Display7Segment      ; work         ;
;    |Graphics:GameGraphics|                 ; 95 (95)             ; 3 (3)                     ; 0                 ; 0          ; 0    ; 0            ; |Pong|Graphics:GameGraphics                                  ; Graphics             ; work         ;
;    |LT24Display:Display|                   ; 116 (60)            ; 88 (51)                   ; 0                 ; 0          ; 0    ; 0            ; |Pong|LT24Display:Display                                    ; LT24Display          ; work         ;
;       |LT24DisplayInterface:LT24Interface| ; 29 (29)             ; 24 (24)                   ; 0                 ; 0          ; 0    ; 0            ; |Pong|LT24Display:Display|LT24DisplayInterface:LT24Interface ; LT24DisplayInterface ; work         ;
;       |LT24InitialData:initDataRom|        ; 27 (27)             ; 9 (9)                     ; 0                 ; 0          ; 0    ; 0            ; |Pong|LT24Display:Display|LT24InitialData:initDataRom        ; LT24InitialData      ; work         ;
;       |ResetSynchroniser:resetGen|         ; 0 (0)               ; 4 (4)                     ; 0                 ; 0          ; 0    ; 0            ; |Pong|LT24Display:Display|ResetSynchroniser:resetGen         ; ResetSynchroniser    ; work         ;
;    |Paddle:Paddle1|                        ; 25 (25)             ; 8 (8)                     ; 0                 ; 0          ; 0    ; 0            ; |Pong|Paddle:Paddle1                                         ; Paddle               ; work         ;
;    |Paddle:Paddle2|                        ; 21 (21)             ; 8 (8)                     ; 0                 ; 0          ; 0    ; 0            ; |Pong|Paddle:Paddle2                                         ; Paddle               ; work         ;
;    |Xaddr:GameXaddr|                       ; 9 (9)               ; 8 (8)                     ; 0                 ; 0          ; 0    ; 0            ; |Pong|Xaddr:GameXaddr                                        ; Xaddr                ; work         ;
;    |Yaddr:GameYaddr|                       ; 10 (10)             ; 9 (9)                     ; 0                 ; 0          ; 0    ; 0            ; |Pong|Yaddr:GameYaddr                                        ; Yaddr                ; work         ;
;    |led:LightShow|                         ; 33 (33)             ; 35 (35)                   ; 0                 ; 0          ; 0    ; 0            ; |Pong|led:LightShow                                          ; led                  ; work         ;
;    |win:GameScore|                         ; 14 (14)             ; 11 (11)                   ; 0                 ; 0          ; 0    ; 0            ; |Pong|win:GameScore                                          ; win                  ; work         ;
+--------------------------------------------+---------------------+---------------------------+-------------------+------------+------+--------------+--------------------------------------------------------------+----------------------+--------------+
Note: For table entries with two numbers listed, the numbers in parentheses indicate the number of resources of the given type used by the specific entity alone. The numbers listed outside of parentheses indicate the total resources of the given type used by the specific entity and all of its sub-entities in the hierarchy.


Encoding Type:  One-Hot
+-------------------------------------------------------------------------------------------------------------------------------------+
; State Machine - |Pong|BinaryToBCD:converter2|state                                                                                  ;
+-------------------------+----------------+-------------------------+-----------+-------------------------+-------------+------------+
; Name                    ; state.FINISHED ; state.CHECK_DIGIT_INDEX ; state.ADD ; state.CHECK_SHIFT_INDEX ; state.SHIFT ; state.IDLE ;
+-------------------------+----------------+-------------------------+-----------+-------------------------+-------------+------------+
; state.IDLE              ; 0              ; 0                       ; 0         ; 0                       ; 0           ; 0          ;
; state.SHIFT             ; 0              ; 0                       ; 0         ; 0                       ; 1           ; 1          ;
; state.CHECK_SHIFT_INDEX ; 0              ; 0                       ; 0         ; 1                       ; 0           ; 1          ;
; state.ADD               ; 0              ; 0                       ; 1         ; 0                       ; 0           ; 1          ;
; state.CHECK_DIGIT_INDEX ; 0              ; 1                       ; 0         ; 0                       ; 0           ; 1          ;
; state.FINISHED          ; 1              ; 0                       ; 0         ; 0                       ; 0           ; 1          ;
+-------------------------+----------------+-------------------------+-----------+-------------------------+-------------+------------+


Encoding Type:  One-Hot
+-------------------------------------------------------------------------------------------------------------------------------------+
; State Machine - |Pong|BinaryToBCD:converter1|state                                                                                  ;
+-------------------------+----------------+-------------------------+-----------+-------------------------+-------------+------------+
; Name                    ; state.FINISHED ; state.CHECK_DIGIT_INDEX ; state.ADD ; state.CHECK_SHIFT_INDEX ; state.SHIFT ; state.IDLE ;
+-------------------------+----------------+-------------------------+-----------+-------------------------+-------------+------------+
; state.IDLE              ; 0              ; 0                       ; 0         ; 0                       ; 0           ; 0          ;
; state.SHIFT             ; 0              ; 0                       ; 0         ; 0                       ; 1           ; 1          ;
; state.CHECK_SHIFT_INDEX ; 0              ; 0                       ; 0         ; 1                       ; 0           ; 1          ;
; state.ADD               ; 0              ; 0                       ; 1         ; 0                       ; 0           ; 1          ;
; state.CHECK_DIGIT_INDEX ; 0              ; 1                       ; 0         ; 0                       ; 0           ; 1          ;
; state.FINISHED          ; 1              ; 0                       ; 0         ; 0                       ; 0           ; 1          ;
+-------------------------+----------------+-------------------------+-----------+-------------------------+-------------+------------+


Encoding Type:  One-Hot
+-----------------------------------------------------------------------------------------------------------------------------------------------------------------------------------------------------------------------------------------------------------------------------------------------------------------------------------+
; State Machine - |Pong|LT24Display:Display|stateMachine                                                                                                                                                                                                                                                                            ;
+---------------------------+-------------------------+--------------------------+---------------------------+---------------------------+--------------------------+---------------------------+---------------------------+--------------------------+------------------------+-------------------------+-------------------------+
; Name                      ; stateMachine.IDLE_STATE ; stateMachine.CASET_STATE ; stateMachine.XHADDR_STATE ; stateMachine.XLADDR_STATE ; stateMachine.PASET_STATE ; stateMachine.YHADDR_STATE ; stateMachine.YLADDR_STATE ; stateMachine.WRITE_STATE ; stateMachine.CMD_STATE ; stateMachine.LOAD_STATE ; stateMachine.INIT_STATE ;
+---------------------------+-------------------------+--------------------------+---------------------------+---------------------------+--------------------------+---------------------------+---------------------------+--------------------------+------------------------+-------------------------+-------------------------+
; stateMachine.INIT_STATE   ; 0                       ; 0                        ; 0                         ; 0                         ; 0                        ; 0                         ; 0                         ; 0                        ; 0                      ; 0                       ; 0                       ;
; stateMachine.LOAD_STATE   ; 0                       ; 0                        ; 0                         ; 0                         ; 0                        ; 0                         ; 0                         ; 0                        ; 0                      ; 1                       ; 1                       ;
; stateMachine.CMD_STATE    ; 0                       ; 0                        ; 0                         ; 0                         ; 0                        ; 0                         ; 0                         ; 0                        ; 1                      ; 0                       ; 1                       ;
; stateMachine.WRITE_STATE  ; 0                       ; 0                        ; 0                         ; 0                         ; 0                        ; 0                         ; 0                         ; 1                        ; 0                      ; 0                       ; 1                       ;
; stateMachine.YLADDR_STATE ; 0                       ; 0                        ; 0                         ; 0                         ; 0                        ; 0                         ; 1                         ; 0                        ; 0                      ; 0                       ; 1                       ;
; stateMachine.YHADDR_STATE ; 0                       ; 0                        ; 0                         ; 0                         ; 0                        ; 1                         ; 0                         ; 0                        ; 0                      ; 0                       ; 1                       ;
; stateMachine.PASET_STATE  ; 0                       ; 0                        ; 0                         ; 0                         ; 1                        ; 0                         ; 0                         ; 0                        ; 0                      ; 0                       ; 1                       ;
; stateMachine.XLADDR_STATE ; 0                       ; 0                        ; 0                         ; 1                         ; 0                        ; 0                         ; 0                         ; 0                        ; 0                      ; 0                       ; 1                       ;
; stateMachine.XHADDR_STATE ; 0                       ; 0                        ; 1                         ; 0                         ; 0                        ; 0                         ; 0                         ; 0                        ; 0                      ; 0                       ; 1                       ;
; stateMachine.CASET_STATE  ; 0                       ; 1                        ; 0                         ; 0                         ; 0                        ; 0                         ; 0                         ; 0                        ; 0                      ; 0                       ; 1                       ;
; stateMachine.IDLE_STATE   ; 1                       ; 0                        ; 0                         ; 0                         ; 0                        ; 0                         ; 0                         ; 0                        ; 0                      ; 0                       ; 1                       ;
+---------------------------+-------------------------+--------------------------+---------------------------+---------------------------+--------------------------+---------------------------+---------------------------+--------------------------+------------------------+-------------------------+-------------------------+


+-------------------------------------------------------------------------------------------------------------+
; Registers Removed During Synthesis                                                                          ;
+------------------------------------------------+------------------------------------------------------------+
; Register name                                  ; Reason for Removal                                         ;
+------------------------------------------------+------------------------------------------------------------+
; LT24Display:Display|xAddrTemp[8..15]           ; Stuck at GND due to stuck port data_in                     ;
; LT24Display:Display|yAddrTemp[9..15]           ; Stuck at GND due to stuck port data_in                     ;
; Graphics:GameGraphics|pixel_rgb[11..14]        ; Merged with Graphics:GameGraphics|pixel_rgb[15]            ;
; Graphics:GameGraphics|pixel_rgb[6..9]          ; Merged with Graphics:GameGraphics|pixel_rgb[10]            ;
; Graphics:GameGraphics|pixel_rgb[0..4]          ; Merged with Graphics:GameGraphics|pixel_rgb[5]             ;
; pixelData[11..14]                              ; Merged with pixelData[15]                                  ;
; pixelData[6..9]                                ; Merged with pixelData[10]                                  ;
; pixelData[0..4]                                ; Merged with pixelData[5]                                   ;
; LT24Display:Display|displayData[8,9]           ; Merged with LT24Display:Display|displayData[10]            ;
; LT24Display:Display|displayData[12..15]        ; Merged with LT24Display:Display|displayData[11]            ;
; LT24Display:Display|pixelDataTemp[1..5]        ; Merged with LT24Display:Display|pixelDataTemp[0]           ;
; LT24Display:Display|pixelDataTemp[6..9]        ; Merged with LT24Display:Display|pixelDataTemp[10]          ;
; LT24Display:Display|pixelDataTemp[12..15]      ; Merged with LT24Display:Display|pixelDataTemp[11]          ;
; BinaryToBCD:converter2|state~2                 ; Lost fanout                                                ;
; BinaryToBCD:converter2|state~3                 ; Lost fanout                                                ;
; BinaryToBCD:converter2|state~4                 ; Lost fanout                                                ;
; BinaryToBCD:converter1|state~2                 ; Lost fanout                                                ;
; BinaryToBCD:converter1|state~3                 ; Lost fanout                                                ;
; BinaryToBCD:converter1|state~4                 ; Lost fanout                                                ;
; LT24Display:Display|stateMachine~15            ; Lost fanout                                                ;
; LT24Display:Display|stateMachine~16            ; Lost fanout                                                ;
; LT24Display:Display|stateMachine~17            ; Lost fanout                                                ;
; LT24Display:Display|stateMachine~18            ; Lost fanout                                                ;
; BinaryToBCD:converter2|decimal_digit_index[0]  ; Merged with BinaryToBCD:converter1|decimal_digit_index[0]  ;
; BinaryToBCD:converter2|decimal_digit_index[3]  ; Merged with BinaryToBCD:converter1|decimal_digit_index[3]  ;
; BinaryToBCD:converter2|decimal_digit_index[2]  ; Merged with BinaryToBCD:converter1|decimal_digit_index[2]  ;
; BinaryToBCD:converter2|decimal_digit_index[1]  ; Merged with BinaryToBCD:converter1|decimal_digit_index[1]  ;
; BinaryToBCD:converter2|state.CHECK_SHIFT_INDEX ; Merged with BinaryToBCD:converter1|state.CHECK_SHIFT_INDEX ;
; BinaryToBCD:converter2|state.CHECK_DIGIT_INDEX ; Merged with BinaryToBCD:converter1|state.CHECK_DIGIT_INDEX ;
; BinaryToBCD:converter2|state.FINISHED          ; Merged with BinaryToBCD:converter1|state.FINISHED          ;
; BinaryToBCD:converter2|state.IDLE              ; Merged with BinaryToBCD:converter1|state.IDLE              ;
; BinaryToBCD:converter2|state.SHIFT             ; Merged with BinaryToBCD:converter1|state.SHIFT             ;
; BinaryToBCD:converter2|state.ADD               ; Merged with BinaryToBCD:converter1|state.ADD               ;
; BinaryToBCD:converter2|loop_counter[7]         ; Merged with BinaryToBCD:converter1|loop_counter[7]         ;
; BinaryToBCD:converter2|loop_counter[4]         ; Merged with BinaryToBCD:converter1|loop_counter[4]         ;
; BinaryToBCD:converter2|loop_counter[3]         ; Merged with BinaryToBCD:converter1|loop_counter[3]         ;
; BinaryToBCD:converter2|loop_counter[2]         ; Merged with BinaryToBCD:converter1|loop_counter[2]         ;
; BinaryToBCD:converter2|loop_counter[1]         ; Merged with BinaryToBCD:converter1|loop_counter[1]         ;
; BinaryToBCD:converter2|loop_counter[5]         ; Merged with BinaryToBCD:converter1|loop_counter[5]         ;
; BinaryToBCD:converter2|loop_counter[0]         ; Merged with BinaryToBCD:converter1|loop_counter[0]         ;
; BinaryToBCD:converter2|loop_counter[6]         ; Merged with BinaryToBCD:converter1|loop_counter[6]         ;
; LT24Display:Display|stateMachine.CMD_STATE     ; Stuck at GND due to stuck port data_in                     ;
; Total Number of Removed Registers = 89         ;                                                            ;
+------------------------------------------------+------------------------------------------------------------+


+------------------------------------------------------+
; General Register Statistics                          ;
+----------------------------------------------+-------+
; Statistic                                    ; Value ;
+----------------------------------------------+-------+
; Total registers                              ; 325   ;
; Number of registers using Synchronous Clear  ; 136   ;
; Number of registers using Synchronous Load   ; 27    ;
; Number of registers using Asynchronous Clear ; 151   ;
; Number of registers using Asynchronous Load  ; 0     ;
; Number of registers using Clock Enable       ; 178   ;
; Number of registers using Preset             ; 0     ;
+----------------------------------------------+-------+


+-----------------------------------------------------------------------+
; Inverted Register Statistics                                          ;
+-------------------------------------------------------------+---------+
; Inverted Register                                           ; Fan out ;
+-------------------------------------------------------------+---------+
; LT24Display:Display|ResetSynchroniser:resetGen|resetSync[3] ; 60      ;
; Display7Segment:score1digit1|N_out[6]                       ; 1       ;
; Display7Segment:score1digit2|N_out[6]                       ; 1       ;
; Display7Segment:score2digit1|N_out[6]                       ; 1       ;
; Display7Segment:score2digit2|N_out[6]                       ; 1       ;
; LT24Display:Display|displayRegSelect                        ; 2       ;
; LT24Display:Display|ResetSynchroniser:resetGen|resetSync[2] ; 1       ;
; LT24Display:Display|ResetSynchroniser:resetGen|resetSync[1] ; 1       ;
; ClockDivider:GameClock|clk_out                              ; 49      ;
; LT24Display:Display|ResetSynchroniser:resetGen|resetSync[0] ; 1       ;
; Paddle:Paddle1|paddle_x[4]                                  ; 18      ;
; Paddle:Paddle1|paddle_x[2]                                  ; 9       ;
; Paddle:Paddle1|paddle_x[1]                                  ; 8       ;
; Paddle:Paddle1|paddle_x[0]                                  ; 8       ;
; Paddle:Paddle1|paddle_x[6]                                  ; 13      ;
; Paddle:Paddle1|paddle_x[5]                                  ; 15      ;
; Paddle:Paddle2|paddle_x[4]                                  ; 15      ;
; Paddle:Paddle2|paddle_x[2]                                  ; 8       ;
; Paddle:Paddle2|paddle_x[1]                                  ; 7       ;
; Paddle:Paddle2|paddle_x[0]                                  ; 6       ;
; Paddle:Paddle2|paddle_x[6]                                  ; 12      ;
; Paddle:Paddle2|paddle_x[5]                                  ; 12      ;
; Total number of inverted registers = 22                     ;         ;
+-------------------------------------------------------------+---------+


+----------------------------------------------------------------------------------------------------------------------------------------------------------+
; Multiplexer Restructuring Statistics (Restructuring Performed)                                                                                           ;
+--------------------+-----------+---------------+----------------------+------------------------+------------+--------------------------------------------+
; Multiplexer Inputs ; Bus Width ; Baseline Area ; Area if Restructured ; Saving if Restructured ; Registered ; Example Multiplexer Output                 ;
+--------------------+-----------+---------------+----------------------+------------------------+------------+--------------------------------------------+
; 3:1                ; 4 bits    ; 8 LEs         ; 4 LEs                ; 4 LEs                  ; Yes        ; |Pong|win:GameScore|score2[1]              ;
; 3:1                ; 5 bits    ; 10 LEs        ; 10 LEs               ; 0 LEs                  ; Yes        ; |Pong|Ball:GameBall|ball_x[0]              ;
; 3:1                ; 3 bits    ; 6 LEs         ; 6 LEs                ; 0 LEs                  ; Yes        ; |Pong|Ball:GameBall|ball_x[2]              ;
; 3:1                ; 32 bits   ; 64 LEs        ; 0 LEs                ; 64 LEs                 ; Yes        ; |Pong|counter[7]                           ;
; 4:1                ; 8 bits    ; 16 LEs        ; 0 LEs                ; 16 LEs                 ; Yes        ; |Pong|led:LightShow|led_loop[1]            ;
; 4:1                ; 3 bits    ; 6 LEs         ; 3 LEs                ; 3 LEs                  ; Yes        ; |Pong|BinaryToBCD:converter1|binary_buf[1] ;
; 4:1                ; 3 bits    ; 6 LEs         ; 3 LEs                ; 3 LEs                  ; Yes        ; |Pong|BinaryToBCD:converter2|binary_buf[2] ;
; 5:1                ; 2 bits    ; 6 LEs         ; 4 LEs                ; 2 LEs                  ; Yes        ; |Pong|Paddle:Paddle1|paddle_x[3]           ;
; 5:1                ; 2 bits    ; 6 LEs         ; 4 LEs                ; 2 LEs                  ; Yes        ; |Pong|Paddle:Paddle2|paddle_x[3]           ;
; 5:1                ; 5 bits    ; 15 LEs        ; 15 LEs               ; 0 LEs                  ; Yes        ; |Pong|Ball:GameBall|ball_y[1]              ;
; 5:1                ; 4 bits    ; 12 LEs        ; 12 LEs               ; 0 LEs                  ; Yes        ; |Pong|Ball:GameBall|ball_y[5]              ;
; 7:1                ; 4 bits    ; 16 LEs        ; 8 LEs                ; 8 LEs                  ; Yes        ; |Pong|BinaryToBCD:converter2|bcd_buf[7]    ;
; 7:1                ; 3 bits    ; 12 LEs        ; 6 LEs                ; 6 LEs                  ; Yes        ; |Pong|BinaryToBCD:converter2|bcd_buf[3]    ;
; 7:1                ; 4 bits    ; 16 LEs        ; 8 LEs                ; 8 LEs                  ; Yes        ; |Pong|BinaryToBCD:converter1|bcd_buf[7]    ;
; 7:1                ; 3 bits    ; 12 LEs        ; 6 LEs                ; 6 LEs                  ; Yes        ; |Pong|BinaryToBCD:converter1|bcd_buf[3]    ;
; 8:1                ; 2 bits    ; 10 LEs        ; 2 LEs                ; 8 LEs                  ; Yes        ; |Pong|LT24Display:Display|displayData[11]  ;
; 14:1               ; 3 bits    ; 27 LEs        ; 9 LEs                ; 18 LEs                 ; Yes        ; |Pong|LT24Display:Display|displayData[7]   ;
; 16:1               ; 2 bits    ; 20 LEs        ; 8 LEs                ; 12 LEs                 ; Yes        ; |Pong|LT24Display:Display|displayData[3]   ;
; 5:1                ; 6 bits    ; 18 LEs        ; 12 LEs               ; 6 LEs                  ; Yes        ; |Pong|Paddle:Paddle1|paddle_x[5]           ;
; 5:1                ; 6 bits    ; 18 LEs        ; 12 LEs               ; 6 LEs                  ; Yes        ; |Pong|Paddle:Paddle2|paddle_x[2]           ;
; 8:1                ; 4 bits    ; 20 LEs        ; 12 LEs               ; 8 LEs                  ; No         ; |Pong|LT24Display:Display|Selector17       ;
+--------------------+-----------+---------------+----------------------+------------------------+------------+--------------------------------------------+


+--------------------------------------------+
; Source assignments for LT24Display:Display ;
+-----------------+-------+------+-----------+
; Assignment      ; Value ; From ; To        ;
+-----------------+-------+------+-----------+
; MESSAGE_DISABLE ; 10030 ; -    ; -         ;
+-----------------+-------+------+-----------+


+----------------------------------------------------------------------+
; Parameter Settings for User Entity Instance: Top-level Entity: |Pong ;
+----------------+-------+---------------------------------------------+
; Parameter Name ; Value ; Type                                        ;
+----------------+-------+---------------------------------------------+
; LCD_WIDTH      ; 240   ; Signed Integer                              ;
; LCD_HEIGHT     ; 320   ; Signed Integer                              ;
; MAX_SCORE      ; 10    ; Signed Integer                              ;
+----------------+-------+---------------------------------------------+
Note: In order to hide this table in the UI and the text report file, please set the "Show Parameter Settings in Synthesis Report" option in "Analysis and Synthesis Settings -> More Settings" to "Off".


+------------------------------------------------------------------+
; Parameter Settings for User Entity Instance: LT24Display:Display ;
+----------------+----------+--------------------------------------+
; Parameter Name ; Value    ; Type                                 ;
+----------------+----------+--------------------------------------+
; CLOCK_FREQ     ; 50000000 ; Signed Integer                       ;
; WIDTH          ; 240      ; Signed Integer                       ;
; HEIGHT         ; 320      ; Signed Integer                       ;
; XBITS          ; 8        ; Signed Integer                       ;
; YBITS          ; 9        ; Signed Integer                       ;
+----------------+----------+--------------------------------------+
Note: In order to hide this table in the UI and the text report file, please set the "Show Parameter Settings in Synthesis Report" option in "Analysis and Synthesis Settings -> More Settings" to "Off".


+----------------------------------------------------------------------------------------------+
; Parameter Settings for User Entity Instance: LT24Display:Display|LT24InitialData:initDataRom ;
+----------------+-------+---------------------------------------------------------------------+
; Parameter Name ; Value ; Type                                                                ;
+----------------+-------+---------------------------------------------------------------------+
; WIDTH          ; 240   ; Signed Integer                                                      ;
; HEIGHT         ; 320   ; Signed Integer                                                      ;
+----------------+-------+---------------------------------------------------------------------+
Note: In order to hide this table in the UI and the text report file, please set the "Show Parameter Settings in Synthesis Report" option in "Analysis and Synthesis Settings -> More Settings" to "Off".


+-----------------------------------------------------------------------------------------------------+
; Parameter Settings for User Entity Instance: LT24Display:Display|LT24DisplayInterface:LT24Interface ;
+----------------+----------+-------------------------------------------------------------------------+
; Parameter Name ; Value    ; Type                                                                    ;
+----------------+----------+-------------------------------------------------------------------------+
; CLOCK_FREQ     ; 50000000 ; Signed Integer                                                          ;
+----------------+----------+-------------------------------------------------------------------------+
Note: In order to hide this table in the UI and the text report file, please set the "Show Parameter Settings in Synthesis Report" option in "Analysis and Synthesis Settings -> More Settings" to "Off".


+--------------------------------------------------------------+
; Parameter Settings for User Entity Instance: Xaddr:GameXaddr ;
+----------------+-------+-------------------------------------+
; Parameter Name ; Value ; Type                                ;
+----------------+-------+-------------------------------------+
; X_MAX          ; 240   ; Signed Integer                      ;
+----------------+-------+-------------------------------------+
Note: In order to hide this table in the UI and the text report file, please set the "Show Parameter Settings in Synthesis Report" option in "Analysis and Synthesis Settings -> More Settings" to "Off".


+--------------------------------------------------------------+
; Parameter Settings for User Entity Instance: Yaddr:GameYaddr ;
+----------------+-----------+---------------------------------+
; Parameter Name ; Value     ; Type                            ;
+----------------+-----------+---------------------------------+
; Y_MAX          ; 101000000 ; Unsigned Binary                 ;
+----------------+-----------+---------------------------------+
Note: In order to hide this table in the UI and the text report file, please set the "Show Parameter Settings in Synthesis Report" option in "Analysis and Synthesis Settings -> More Settings" to "Off".


+---------------------------------------------------------------------+
; Parameter Settings for User Entity Instance: ClockDivider:GameClock ;
+------------------+----------+---------------------------------------+
; Parameter Name   ; Value    ; Type                                  ;
+------------------+----------+---------------------------------------+
; CLOCK_IN         ; 50000000 ; Signed Integer                        ;
; CLOCK_OUT        ; 50       ; Signed Integer                        ;
; HALF_CLOCK_RATIO ; 500000   ; Signed Integer                        ;
+------------------+----------+---------------------------------------+
Note: In order to hide this table in the UI and the text report file, please set the "Show Parameter Settings in Synthesis Report" option in "Analysis and Synthesis Settings -> More Settings" to "Off".


+------------------------------------------------------------+
; Parameter Settings for User Entity Instance: Ball:GameBall ;
+----------------+-----------+-------------------------------+
; Parameter Name ; Value     ; Type                          ;
+----------------+-----------+-------------------------------+
; SIZE           ; 000001010 ; Unsigned Binary               ;
; MAX_Y          ; 100100010 ; Unsigned Binary               ;
; MAX_X          ; 11101111  ; Unsigned Binary               ;
; MIN_Y          ; 000011110 ; Unsigned Binary               ;
; MIN_X          ; 00000000  ; Unsigned Binary               ;
; START_Y        ; 010011011 ; Unsigned Binary               ;
; START_X        ; 01110011  ; Unsigned Binary               ;
; PADDLE_WIDTH   ; 000000101 ; Unsigned Binary               ;
; PADDLE_HEIGHT  ; 00101001  ; Unsigned Binary               ;
+----------------+-----------+-------------------------------+
Note: In order to hide this table in the UI and the text report file, please set the "Show Parameter Settings in Synthesis Report" option in "Analysis and Synthesis Settings -> More Settings" to "Off".


+---------------------------------------------------------------------+
; Parameter Settings for User Entity Instance: Paddle:Paddle1         ;
+----------------+----------------------------------+-----------------+
; Parameter Name ; Value                            ; Type            ;
+----------------+----------------------------------+-----------------+
; WIDTH          ; 000000101                        ; Unsigned Binary ;
; HEIGTH         ; 00101000                         ; Unsigned Binary ;
; MAX_Y          ; 101000000                        ; Unsigned Binary ;
; MAX_X          ; 11101111                         ; Unsigned Binary ;
; MIN_Y          ; 000000000                        ; Unsigned Binary ;
; MIN_X          ; 00000000                         ; Unsigned Binary ;
; START_X        ; 00000000000000000000000001110111 ; Unsigned Binary ;
; POSITION_Y     ; 30                               ; Signed Integer  ;
+----------------+----------------------------------+-----------------+
Note: In order to hide this table in the UI and the text report file, please set the "Show Parameter Settings in Synthesis Report" option in "Analysis and Synthesis Settings -> More Settings" to "Off".


+---------------------------------------------------------------------+
; Parameter Settings for User Entity Instance: Paddle:Paddle2         ;
+----------------+----------------------------------+-----------------+
; Parameter Name ; Value                            ; Type            ;
+----------------+----------------------------------+-----------------+
; WIDTH          ; 000000101                        ; Unsigned Binary ;
; HEIGTH         ; 00101000                         ; Unsigned Binary ;
; MAX_Y          ; 101000000                        ; Unsigned Binary ;
; MAX_X          ; 11101111                         ; Unsigned Binary ;
; MIN_Y          ; 000000000                        ; Unsigned Binary ;
; MIN_X          ; 00000000                         ; Unsigned Binary ;
; START_X        ; 00000000000000000000000001110111 ; Unsigned Binary ;
; POSITION_Y     ; 290                              ; Signed Integer  ;
+----------------+----------------------------------+-----------------+
Note: In order to hide this table in the UI and the text report file, please set the "Show Parameter Settings in Synthesis Report" option in "Analysis and Synthesis Settings -> More Settings" to "Off".


+--------------------------------------------------------------------+
; Parameter Settings for User Entity Instance: Graphics:GameGraphics ;
+----------------+------------------+--------------------------------+
; Parameter Name ; Value            ; Type                           ;
+----------------+------------------+--------------------------------+
; BACKGROUND_RGB ; 0000000000000000 ; Unsigned Binary                ;
; BALL_RGB       ; 0000011111000000 ; Unsigned Binary                ;
; PADDLE_1_RGB   ; 1111100000000000 ; Unsigned Binary                ;
; PADDLE_2_RGB   ; 0000000000111111 ; Unsigned Binary                ;
; BALL_SIZE      ; 10               ; Signed Integer                 ;
; PADDLE_WIDTH   ; 5                ; Signed Integer                 ;
; PADDLE_HEIGTH  ; 40               ; Signed Integer                 ;
; PADDLE_1_Y     ; 000011110        ; Unsigned Binary                ;
; PADDLE_2_Y     ; 100100010        ; Unsigned Binary                ;
+----------------+------------------+--------------------------------+
Note: In order to hide this table in the UI and the text report file, please set the "Show Parameter Settings in Synthesis Report" option in "Analysis and Synthesis Settings -> More Settings" to "Off".


+---------------------------------------------------------------------+
; Parameter Settings for User Entity Instance: BinaryToBCD:converter1 ;
+----------------+-------+--------------------------------------------+
; Parameter Name ; Value ; Type                                       ;
+----------------+-------+--------------------------------------------+
; INPUT_LENGTH   ; 4     ; Signed Integer                             ;
; N_DIGITS       ; 2     ; Signed Integer                             ;
+----------------+-------+--------------------------------------------+
Note: In order to hide this table in the UI and the text report file, please set the "Show Parameter Settings in Synthesis Report" option in "Analysis and Synthesis Settings -> More Settings" to "Off".


+---------------------------------------------------------------------+
; Parameter Settings for User Entity Instance: BinaryToBCD:converter2 ;
+----------------+-------+--------------------------------------------+
; Parameter Name ; Value ; Type                                       ;
+----------------+-------+--------------------------------------------+
; INPUT_LENGTH   ; 4     ; Signed Integer                             ;
; N_DIGITS       ; 2     ; Signed Integer                             ;
+----------------+-------+--------------------------------------------+
Note: In order to hide this table in the UI and the text report file, please set the "Show Parameter Settings in Synthesis Report" option in "Analysis and Synthesis Settings -> More Settings" to "Off".


+-----------------------------------------------------------+
; Port Connectivity Checks: "LT24Display:Display"           ;
+--------------+--------+----------+------------------------+
; Port         ; Type   ; Severity ; Details                ;
+--------------+--------+----------+------------------------+
; pixelRawMode ; Input  ; Info     ; Stuck at GND           ;
; cmdData      ; Input  ; Info     ; Stuck at GND           ;
; cmdWrite     ; Input  ; Info     ; Stuck at GND           ;
; cmdDone      ; Input  ; Info     ; Stuck at GND           ;
; cmdReady     ; Output ; Info     ; Explicitly unconnected ;
+--------------+--------+----------+------------------------+


+-----------------------------------------------------+
; Post-Synthesis Netlist Statistics for Top Partition ;
+-----------------------+-----------------------------+
; Type                  ; Count                       ;
+-----------------------+-----------------------------+
; arriav_ff             ; 325                         ;
;     CLR               ; 48                          ;
;     CLR SCLR          ; 24                          ;
;     ENA               ; 47                          ;
;     ENA CLR           ; 55                          ;
;     ENA CLR SCLR      ; 24                          ;
;     ENA SCLR          ; 44                          ;
;     ENA SCLR SLD      ; 8                           ;
;     SCLR              ; 36                          ;
;     SLD               ; 19                          ;
;     plain             ; 20                          ;
; arriav_lcell_comb     ; 603                         ;
;     arith             ; 222                         ;
;         0 data inputs ; 3                           ;
;         1 data inputs ; 184                         ;
;         2 data inputs ; 20                          ;
;         3 data inputs ; 7                           ;
;         4 data inputs ; 8                           ;
;     normal            ; 381                         ;
;         0 data inputs ; 2                           ;
;         1 data inputs ; 7                           ;
;         2 data inputs ; 39                          ;
;         3 data inputs ; 51                          ;
;         4 data inputs ; 76                          ;
;         5 data inputs ; 69                          ;
;         6 data inputs ; 137                         ;
; boundary_port         ; 67                          ;
;                       ;                             ;
; Max LUT depth         ; 6.30                        ;
; Average LUT depth     ; 2.98                        ;
+-----------------------+-----------------------------+


+-------------------------------+
; Elapsed Time Per Partition    ;
+----------------+--------------+
; Partition Name ; Elapsed Time ;
+----------------+--------------+
; Top            ; 00:00:01     ;
+----------------+--------------+


+-------------------------------+
; Analysis & Synthesis Messages ;
+-------------------------------+
Info: *******************************************************************
Info: Running Quartus Prime Analysis & Synthesis
    Info: Version 17.1.0 Build 590 10/25/2017 SJ Lite Edition
    Info: Processing started: Mon May 06 16:16:19 2019
Info: Command: quartus_map --read_settings_files=on --write_settings_files=off Pong -c Pong
Warning (18236): Number of processors has not been specified which may cause overloading on shared machines.  Set the global assignment NUM_PARALLEL_PROCESSORS in your QSF to an appropriate value for best performance.
Info (20030): Parallel compilation is enabled and will use 4 of the 4 processors detected
Info (12021): Found 1 design units, including 1 entities, in source file win.v
    Info (12023): Found entity 1: win File: C:/Users/Lupo/Documents/GitHub/Pong/win.v Line: 1
Info (12021): Found 1 design units, including 1 entities, in source file led.v
    Info (12023): Found entity 1: led File: C:/Users/Lupo/Documents/GitHub/Pong/led.v Line: 1
Info (12021): Found 1 design units, including 1 entities, in source file paddle.v
    Info (12023): Found entity 1: Paddle File: C:/Users/Lupo/Documents/GitHub/Pong/Paddle.v Line: 1
Info (12021): Found 1 design units, including 1 entities, in source file paddles.v
    Info (12023): Found entity 1: Paddles File: C:/Users/Lupo/Documents/GitHub/Pong/Paddles.v Line: 1
Info (12021): Found 4 design units, including 4 entities, in source file lt24display.v
    Info (12023): Found entity 1: LT24Display File: C:/Users/Lupo/Documents/GitHub/Pong/LT24Display.v Line: 86
    Info (12023): Found entity 2: LT24DisplayInterface File: C:/Users/Lupo/Documents/GitHub/Pong/LT24Display.v Line: 409
    Info (12023): Found entity 3: ResetSynchroniser File: C:/Users/Lupo/Documents/GitHub/Pong/LT24Display.v Line: 493
    Info (12023): Found entity 4: LT24InitialData File: C:/Users/Lupo/Documents/GitHub/Pong/LT24Display.v Line: 523
Info (12021): Found 1 design units, including 1 entities, in source file display7segment.v
    Info (12023): Found entity 1: Display7Segment File: C:/Users/Lupo/Documents/GitHub/Pong/Display7Segment.v Line: 1
Info (12021): Found 1 design units, including 1 entities, in source file ball.v
    Info (12023): Found entity 1: Ball File: C:/Users/Lupo/Documents/GitHub/Pong/Ball.v Line: 1
Info (12021): Found 1 design units, including 1 entities, in source file clockdivider.v
    Info (12023): Found entity 1: ClockDivider File: C:/Users/Lupo/Documents/GitHub/Pong/ClockDivider.v Line: 1
Info (12021): Found 1 design units, including 1 entities, in source file pong.v
    Info (12023): Found entity 1: Pong File: C:/Users/Lupo/Documents/GitHub/Pong/Pong.v Line: 1
Info (12021): Found 1 design units, including 1 entities, in source file binarytobcd.v
    Info (12023): Found entity 1: BinaryToBCD File: C:/Users/Lupo/Documents/GitHub/Pong/BinaryToBCD.v Line: 1
Info (12021): Found 1 design units, including 1 entities, in source file scoreboard.v
    Info (12023): Found entity 1: Scoreboard File: C:/Users/Lupo/Documents/GitHub/Pong/Scoreboard.v Line: 1
Info (12021): Found 1 design units, including 1 entities, in source file yaddr.v
    Info (12023): Found entity 1: Yaddr File: C:/Users/Lupo/Documents/GitHub/Pong/Yaddr.v Line: 1
Info (12021): Found 1 design units, including 1 entities, in source file xaddr.v
    Info (12023): Found entity 1: Xaddr File: C:/Users/Lupo/Documents/GitHub/Pong/Xaddr.v Line: 1
Info (12021): Found 1 design units, including 1 entities, in source file graphics.v
    Info (12023): Found entity 1: Graphics File: C:/Users/Lupo/Documents/GitHub/Pong/Graphics.v Line: 1
Info (12127): Elaborating entity "Pong" for the top level hierarchy
Warning (10036): Verilog HDL or VHDL warning at Pong.v(269): object "state" assigned a value but never read File: C:/Users/Lupo/Documents/GitHub/Pong/Pong.v Line: 269
Warning (10230): Verilog HDL assignment warning at Pong.v(269): truncated value with size 2 to match size of target (1) File: C:/Users/Lupo/Documents/GitHub/Pong/Pong.v Line: 269
Info (12128): Elaborating entity "LT24Display" for hierarchy "LT24Display:Display" File: C:/Users/Lupo/Documents/GitHub/Pong/Pong.v Line: 56
Info (12128): Elaborating entity "ResetSynchroniser" for hierarchy "LT24Display:Display|ResetSynchroniser:resetGen" File: C:/Users/Lupo/Documents/GitHub/Pong/LT24Display.v Line: 157
Info (12128): Elaborating entity "LT24InitialData" for hierarchy "LT24Display:Display|LT24InitialData:initDataRom" File: C:/Users/Lupo/Documents/GitHub/Pong/LT24Display.v Line: 174
Info (12128): Elaborating entity "LT24DisplayInterface" for hierarchy "LT24Display:Display|LT24DisplayInterface:LT24Interface" File: C:/Users/Lupo/Documents/GitHub/Pong/LT24Display.v Line: 392
Info (12128): Elaborating entity "Xaddr" for hierarchy "Xaddr:GameXaddr" File: C:/Users/Lupo/Documents/GitHub/Pong/Pong.v Line: 65
Info (12128): Elaborating entity "Yaddr" for hierarchy "Yaddr:GameYaddr" File: C:/Users/Lupo/Documents/GitHub/Pong/Pong.v Line: 74
Info (12128): Elaborating entity "ClockDivider" for hierarchy "ClockDivider:GameClock" File: C:/Users/Lupo/Documents/GitHub/Pong/Pong.v Line: 83
Info (12128): Elaborating entity "Ball" for hierarchy "Ball:GameBall" File: C:/Users/Lupo/Documents/GitHub/Pong/Pong.v Line: 114
Info (12128): Elaborating entity "Paddle" for hierarchy "Paddle:Paddle1" File: C:/Users/Lupo/Documents/GitHub/Pong/Pong.v Line: 123
Warning (10230): Verilog HDL assignment warning at Paddle.v(22): truncated value with size 32 to match size of target (8) File: C:/Users/Lupo/Documents/GitHub/Pong/Paddle.v Line: 22
Info (12128): Elaborating entity "Paddle" for hierarchy "Paddle:Paddle2" File: C:/Users/Lupo/Documents/GitHub/Pong/Pong.v Line: 133
Warning (10230): Verilog HDL assignment warning at Paddle.v(22): truncated value with size 32 to match size of target (8) File: C:/Users/Lupo/Documents/GitHub/Pong/Paddle.v Line: 22
Info (12128): Elaborating entity "Graphics" for hierarchy "Graphics:GameGraphics" File: C:/Users/Lupo/Documents/GitHub/Pong/Pong.v Line: 145
Info (12128): Elaborating entity "win" for hierarchy "win:GameScore" File: C:/Users/Lupo/Documents/GitHub/Pong/Pong.v Line: 158
Info (12128): Elaborating entity "BinaryToBCD" for hierarchy "BinaryToBCD:converter1" File: C:/Users/Lupo/Documents/GitHub/Pong/Pong.v Line: 169
Warning (10230): Verilog HDL assignment warning at BinaryToBCD.v(72): truncated value with size 32 to match size of target (8) File: C:/Users/Lupo/Documents/GitHub/Pong/BinaryToBCD.v Line: 72
Warning (10230): Verilog HDL assignment warning at BinaryToBCD.v(84): truncated value with size 32 to match size of target (4) File: C:/Users/Lupo/Documents/GitHub/Pong/BinaryToBCD.v Line: 84
Warning (10230): Verilog HDL assignment warning at BinaryToBCD.v(102): truncated value with size 32 to match size of target (4) File: C:/Users/Lupo/Documents/GitHub/Pong/BinaryToBCD.v Line: 102
Info (12128): Elaborating entity "Display7Segment" for hierarchy "Display7Segment:score1digit1" File: C:/Users/Lupo/Documents/GitHub/Pong/Pong.v Line: 178
Info (12128): Elaborating entity "led" for hierarchy "led:LightShow" File: C:/Users/Lupo/Documents/GitHub/Pong/Pong.v Line: 234
Info (276014): Found 1 instances of uninferred RAM logic
    Info (276004): RAM logic "LT24Display:Display|LT24InitialData:initDataRom|ROM" is uninferred due to inappropriate RAM size File: C:/Users/Lupo/Documents/GitHub/Pong/LT24Display.v Line: 540
Warning (13024): Output pins are stuck at VCC or GND
    Warning (13410): Pin "LT24Rd_n" is stuck at VCC File: C:/Users/Lupo/Documents/GitHub/Pong/Pong.v Line: 23
    Warning (13410): Pin "LT24CS_n" is stuck at GND File: C:/Users/Lupo/Documents/GitHub/Pong/Pong.v Line: 24
    Warning (13410): Pin "LT24LCDOn" is stuck at VCC File: C:/Users/Lupo/Documents/GitHub/Pong/Pong.v Line: 29
Info (286030): Timing-Driven Synthesis is running
Info (17049): 10 registers lost all their fanouts during netlist optimizations.
Info (144001): Generated suppressed messages file C:/Users/Lupo/Documents/GitHub/Pong/output_files/Pong.map.smsg
Info (16010): Generating hard_block partition "hard_block:auto_generated_inst"
    Info (16011): Adding 0 node(s), including 0 DDIO, 0 PLL, 0 transceiver and 0 LCELL
Info (21057): Implemented 713 device resources after synthesis - the final resource count might be different
    Info (21058): Implemented 7 input pins
    Info (21059): Implemented 60 output pins
    Info (21061): Implemented 646 logic cells
Info: Quartus Prime Analysis & Synthesis was successful. 0 errors, 12 warnings
    Info: Peak virtual memory: 4853 megabytes
    Info: Processing ended: Mon May 06 16:16:35 2019
    Info: Elapsed time: 00:00:16
    Info: Total CPU time (on all processors): 00:00:32


+------------------------------------------+
; Analysis & Synthesis Suppressed Messages ;
+------------------------------------------+
The suppressed messages can be found in C:/Users/Lupo/Documents/GitHub/Pong/output_files/Pong.map.smsg.


